<?xml version="1.0" encoding="UTF-8"?>
<!-- Generated by org.testng.reporters.JUnitReportReporter -->
<testsuite hostname="LAPTOP-0H6R0MD8" failures="0" tests="1" name="cuck.DemoAPI.SumValidation" time="1.870" errors="0" timestamp="2025-01-13T15:17:53 IST" skipped="0">
  <testcase classname="cuck.DemoAPI.SumValidation" name="sumOfCourses" time="1.870"/>
</testsuite> <!-- cuck.DemoAPI.SumValidation -->
