<?xml version="1.0" encoding="UTF-8"?>
<!-- Generated by org.testng.reporters.JUnitReportReporter -->
<testsuite hostname="LAPTOP-0H6R0MD8" failures="0" tests="3" name="cuck.DemoAPI.DynamicJson2" time="2.667" errors="0" timestamp="2025-01-15T00:10:29 IST" skipped="0">
  <testcase classname="cuck.DemoAPI.DynamicJson2" name="addBook" time="2.383"/>
  <testcase classname="cuck.DemoAPI.DynamicJson2" name="addBook" time="0.142"/>
  <testcase classname="cuck.DemoAPI.DynamicJson2" name="addBook" time="0.142"/>
</testsuite> <!-- cuck.DemoAPI.DynamicJson2 -->
