<?xml version="1.0" encoding="UTF-8"?>
<!-- Generated by org.testng.reporters.JUnitReportReporter -->
<testsuite hostname="LAPTOP-0H6R0MD8" failures="0" tests="1" name="cuck.DemoAPI.DynamicJson" time="2.529" errors="0" timestamp="2025-01-15T00:04:36 IST" skipped="0">
  <testcase classname="cuck.DemoAPI.DynamicJson" name="addBook" time="2.529"/>
</testsuite> <!-- cuck.DemoAPI.DynamicJson -->
